[debug] [2024-11-18T16:12:44.350Z] ----------------------------------------------------------------------
[debug] [2024-11-18T16:12:44.354Z] Command:       C:\Program Files\nodejs\node.exe C:\Users\BitCom Tech\AppData\Roaming\npm\node_modules\firebase-tools\lib\bin\firebase.js emulators:start
[debug] [2024-11-18T16:12:44.354Z] CLI Version:   13.25.0
[debug] [2024-11-18T16:12:44.354Z] Platform:      win32
[debug] [2024-11-18T16:12:44.354Z] Node Version:  v20.15.0
[debug] [2024-11-18T16:12:44.354Z] Time:          Mon Nov 18 2024 19:12:44 GMT+0300 (East Africa Time)
[debug] [2024-11-18T16:12:44.355Z] ----------------------------------------------------------------------
[debug] 
[debug] [2024-11-18T16:12:44.359Z] >>> [apiv2][query] GET https://firebase-public.firebaseio.com/cli.json [none]
[debug] [2024-11-18T16:12:44.501Z] > command requires scopes: ["email","openid","https://www.googleapis.com/auth/cloudplatformprojects.readonly","https://www.googleapis.com/auth/firebase","https://www.googleapis.com/auth/cloud-platform"]
[debug] [2024-11-18T16:12:44.502Z] > authorizing via signed-in user (far12345ahmed@gmail.com)
[info] i  emulators: Starting emulators: functions, hosting, extensions {"metadata":{"emulator":{"name":"hub"},"message":"Starting emulators: functions, hosting, extensions"}}
[debug] [2024-11-18T16:12:44.506Z] Checked if tokens are valid: false, expires at: 1731559822326
[debug] [2024-11-18T16:12:44.507Z] Checked if tokens are valid: false, expires at: 1731559822326
[debug] [2024-11-18T16:12:44.507Z] > refreshing access token with scopes: []
[debug] [2024-11-18T16:12:44.508Z] >>> [apiv2][query] POST https://www.googleapis.com/oauth2/v3/token [none]
[debug] [2024-11-18T16:12:44.508Z] >>> [apiv2][body] POST https://www.googleapis.com/oauth2/v3/token [omitted]
[debug] [2024-11-18T16:12:45.322Z] <<< [apiv2][status] POST https://www.googleapis.com/oauth2/v3/token 200
[debug] [2024-11-18T16:12:45.322Z] <<< [apiv2][body] POST https://www.googleapis.com/oauth2/v3/token [omitted]
[debug] [2024-11-18T16:12:45.333Z] >>> [apiv2][query] GET https://firebase.googleapis.com/v1beta1/projects/clone-project-1729a [none]
[debug] [2024-11-18T16:12:45.436Z] <<< [apiv2][status] GET https://firebase-public.firebaseio.com/cli.json 200
[debug] [2024-11-18T16:12:45.436Z] <<< [apiv2][body] GET https://firebase-public.firebaseio.com/cli.json {"cloudBuildErrorAfter":1594252800000,"cloudBuildWarnAfter":1590019200000,"defaultNode10After":1594252800000,"minVersion":"3.0.5","node8DeploysDisabledAfter":1613390400000,"node8RuntimeDisabledAfter":1615809600000,"node8WarnAfter":1600128000000}
[debug] [2024-11-18T16:12:46.175Z] <<< [apiv2][status] GET https://firebase.googleapis.com/v1beta1/projects/clone-project-1729a 200
[debug] [2024-11-18T16:12:46.175Z] <<< [apiv2][body] GET https://firebase.googleapis.com/v1beta1/projects/clone-project-1729a {"projectId":"clone-project-1729a","projectNumber":"56893127002","displayName":"amazon-clone-project ","name":"projects/clone-project-1729a","resources":{"hostingSite":"clone-project-1729a"},"state":"ACTIVE","etag":"1_2f834a92-1c3f-40eb-aa4c-eaa33ceafda4"}
[debug] [2024-11-18T16:12:46.201Z] [logging] Logging Emulator only supports listening on one address (127.0.0.1). Not listening on ::1
[debug] [2024-11-18T16:12:46.201Z] [hosting] Hosting Emulator only supports listening on one address (127.0.0.1). Not listening on ::1
[debug] [2024-11-18T16:12:46.202Z] assigned listening specs for emulators {"user":{"hub":[{"address":"127.0.0.1","family":"IPv4","port":4400},{"address":"::1","family":"IPv6","port":4400}],"ui":[{"address":"127.0.0.1","family":"IPv4","port":4000},{"address":"::1","family":"IPv6","port":4000}],"logging":[{"address":"127.0.0.1","family":"IPv4","port":4500}],"hosting":[{"address":"127.0.0.1","family":"IPv4","port":5000}]},"metadata":{"message":"assigned listening specs for emulators"}}
[debug] [2024-11-18T16:12:46.209Z] [hub] writing locator at C:\Users\BITCOM~1\AppData\Local\Temp\hub-clone-project-1729a.json
[debug] [2024-11-18T16:12:46.219Z] [Extensions] Started Extensions emulator, this is a noop.
[debug] [2024-11-18T16:12:46.226Z] [functions] Functions Emulator only supports listening on one address (127.0.0.1). Not listening on ::1
[debug] [2024-11-18T16:12:46.226Z] [eventarc] Eventarc Emulator only supports listening on one address (127.0.0.1). Not listening on ::1
[debug] [2024-11-18T16:12:46.226Z] [tasks] Cloud Tasks Emulator only supports listening on one address (127.0.0.1). Not listening on ::1
[debug] [2024-11-18T16:12:46.226Z] late-assigned ports for functions and eventarc emulators {"user":{"hub":[{"address":"127.0.0.1","family":"IPv4","port":4400},{"address":"::1","family":"IPv6","port":4400}],"ui":[{"address":"127.0.0.1","family":"IPv4","port":4000},{"address":"::1","family":"IPv6","port":4000}],"logging":[{"address":"127.0.0.1","family":"IPv4","port":4500}],"hosting":[{"address":"127.0.0.1","family":"IPv4","port":5000}],"functions":[{"address":"127.0.0.1","family":"IPv4","port":5001}],"eventarc":[{"address":"127.0.0.1","family":"IPv4","port":9299}],"tasks":[{"address":"127.0.0.1","family":"IPv4","port":9499}]},"metadata":{"message":"late-assigned ports for functions and eventarc emulators"}}
[warn] !  functions: The following emulators are not running, calls to these services from the Functions emulator will affect production: auth, firestore, database, pubsub, storage, dataconnect {"metadata":{"emulator":{"name":"functions"},"message":"The following emulators are not running, calls to these services from the Functions emulator will affect production: \u001b[1mauth, firestore, database, pubsub, storage, dataconnect\u001b[22m"}}
[debug] [2024-11-18T16:12:46.231Z] defaultcredentials: writing to file C:\Users\BitCom Tech\AppData\Roaming\firebase\far12345ahmed_gmail_com_application_default_credentials.json
[debug] [2024-11-18T16:12:46.234Z] Setting GAC to C:\Users\BitCom Tech\AppData\Roaming\firebase\far12345ahmed_gmail_com_application_default_credentials.json {"metadata":{"emulator":{"name":"functions"},"message":"Setting GAC to C:\\Users\\BitCom Tech\\AppData\\Roaming\\firebase\\far12345ahmed_gmail_com_application_default_credentials.json"}}
[debug] [2024-11-18T16:12:46.235Z] Checked if tokens are valid: true, expires at: 1731949964323
[debug] [2024-11-18T16:12:46.235Z] Checked if tokens are valid: true, expires at: 1731949964323
[debug] [2024-11-18T16:12:46.235Z] >>> [apiv2][query] GET https://firebase.googleapis.com/v1beta1/projects/clone-project-1729a/adminSdkConfig [none]
[debug] [2024-11-18T16:12:46.655Z] <<< [apiv2][status] GET https://firebase.googleapis.com/v1beta1/projects/clone-project-1729a/adminSdkConfig 200
[debug] [2024-11-18T16:12:46.655Z] <<< [apiv2][body] GET https://firebase.googleapis.com/v1beta1/projects/clone-project-1729a/adminSdkConfig {"projectId":"clone-project-1729a","storageBucket":"clone-project-1729a.firebasestorage.app"}
[debug] [2024-11-18T16:12:46.676Z] Checked if tokens are valid: true, expires at: 1731949964323
[debug] [2024-11-18T16:12:46.676Z] Checked if tokens are valid: true, expires at: 1731949964323
[debug] [2024-11-18T16:12:46.677Z] >>> [apiv2][query] GET https://firebasehosting.googleapis.com/v1beta1/projects/clone-project-1729a/sites 
[debug] [2024-11-18T16:12:49.427Z] <<< [apiv2][status] GET https://firebasehosting.googleapis.com/v1beta1/projects/clone-project-1729a/sites 200
[debug] [2024-11-18T16:12:49.427Z] <<< [apiv2][body] GET https://firebasehosting.googleapis.com/v1beta1/projects/clone-project-1729a/sites {"sites":[{"name":"projects/clone-project-1729a/sites/clone-project-1729a","defaultUrl":"https://clone-project-1729a.web.app","appId":"1:56893127002:web:6c48ef5f6580aeb6f31b63","type":"DEFAULT_SITE"},{"name":"projects/clone-project-1729a/sites/clone-project-1729a-3569d","defaultUrl":"https://clone-project-1729a-3569d.web.app","appId":"1:56893127002:web:578e367dd25df844f31b63","type":"USER_SITE"}]}
[debug] [2024-11-18T16:12:49.428Z] Checked if tokens are valid: true, expires at: 1731949964323
[debug] [2024-11-18T16:12:49.428Z] Checked if tokens are valid: true, expires at: 1731949964323
[debug] [2024-11-18T16:12:49.428Z] >>> [apiv2][query] GET https://firebase.googleapis.com/v1beta1/projects/clone-project-1729a/webApps/1:56893127002:web:6c48ef5f6580aeb6f31b63/config [none]
[debug] [2024-11-18T16:12:50.192Z] <<< [apiv2][status] GET https://firebase.googleapis.com/v1beta1/projects/clone-project-1729a/webApps/1:56893127002:web:6c48ef5f6580aeb6f31b63/config 200
[debug] [2024-11-18T16:12:50.192Z] <<< [apiv2][body] GET https://firebase.googleapis.com/v1beta1/projects/clone-project-1729a/webApps/1:56893127002:web:6c48ef5f6580aeb6f31b63/config {"projectId":"clone-project-1729a","appId":"1:56893127002:web:6c48ef5f6580aeb6f31b63","storageBucket":"clone-project-1729a.firebasestorage.app","apiKey":"AIzaSyCqQomRzlLxgExQQiR9smqx8dCNA3Sqh_M","authDomain":"clone-project-1729a.firebaseapp.com","messagingSenderId":"56893127002","measurementId":"G-RJH3BK4RJD"}
[debug] [2024-11-18T16:12:50.198Z] Checked if tokens are valid: true, expires at: 1731949964323
[debug] [2024-11-18T16:12:50.198Z] Checked if tokens are valid: true, expires at: 1731949964323
[debug] [2024-11-18T16:12:50.198Z] >>> [apiv2][query] GET https://firebase.googleapis.com/v1beta1/projects/clone-project-1729a [none]
[debug] [2024-11-18T16:12:50.605Z] <<< [apiv2][status] GET https://firebase.googleapis.com/v1beta1/projects/clone-project-1729a 200
[debug] [2024-11-18T16:12:50.605Z] <<< [apiv2][body] GET https://firebase.googleapis.com/v1beta1/projects/clone-project-1729a {"projectId":"clone-project-1729a","projectNumber":"56893127002","displayName":"amazon-clone-project ","name":"projects/clone-project-1729a","resources":{"hostingSite":"clone-project-1729a"},"state":"ACTIVE","etag":"1_2f834a92-1c3f-40eb-aa4c-eaa33ceafda4"}
[info] i  hosting[clone-project-1729a]: Serving hosting files from: dist {"metadata":{"emulator":{"name":"hosting"},"message":"Serving hosting files from: \u001b[1mdist\u001b[22m"}}
[info] +  hosting[clone-project-1729a]: Local server: http://127.0.0.1:5000 {"metadata":{"emulator":{"name":"hosting"},"message":"Local server: \u001b[4m\u001b[1mhttp://127.0.0.1:5000\u001b[22m\u001b[24m"}}
[debug] [2024-11-18T16:12:50.633Z] Ignoring unsupported arg: auto_download {"metadata":{"emulator":{"name":"ui"},"message":"Ignoring unsupported arg: auto_download"}}
[debug] [2024-11-18T16:12:50.633Z] Ignoring unsupported arg: port {"metadata":{"emulator":{"name":"ui"},"message":"Ignoring unsupported arg: port"}}
[debug] [2024-11-18T16:12:50.633Z] Starting Emulator UI with command {"binary":"node","args":["C:\\Users\\BitCom Tech\\.cache\\firebase\\emulators\\ui-v1.14.0\\server\\server.mjs"],"optionalArgs":[],"joinArgs":false,"shell":false,"port":4000} {"metadata":{"emulator":{"name":"ui"},"message":"Starting Emulator UI with command {\"binary\":\"node\",\"args\":[\"C:\\\\Users\\\\BitCom Tech\\\\.cache\\\\firebase\\\\emulators\\\\ui-v1.14.0\\\\server\\\\server.mjs\"],\"optionalArgs\":[],\"joinArgs\":false,\"shell\":false,\"port\":4000}"}}
[info] i  ui: Emulator UI logging to ui-debug.log {"metadata":{"emulator":{"name":"ui"},"message":"Emulator UI logging to \u001b[1mui-debug.log\u001b[22m"}}
[debug] [2024-11-18T16:12:50.831Z] Web / API server started at 127.0.0.1:4000
 {"metadata":{"emulator":{"name":"ui"},"message":"Web / API server started at 127.0.0.1:4000\n"}}
[debug] [2024-11-18T16:12:50.831Z] Web / API server started at ::1:4000
 {"metadata":{"emulator":{"name":"ui"},"message":"Web / API server started at ::1:4000\n"}}
[debug] [2024-11-18T16:12:50.868Z] [Extensions] Connecting Extensions emulator, this is a noop.
[info] i  functions: Watching "C:\Users\BitCom Tech\Desktop\amazon-clone-project\amazon-clone-project\functions" for Cloud Functions... {"metadata":{"emulator":{"name":"functions"},"message":"Watching \"C:\\Users\\BitCom Tech\\Desktop\\amazon-clone-project\\amazon-clone-project\\functions\" for Cloud Functions..."}}
[debug] [2024-11-18T16:12:50.877Z] Validating nodejs source
[debug] [2024-11-18T16:12:52.396Z] > [functions] package.json contents: {
  "name": "functions",
  "description": "Cloud Functions for Firebase",
  "scripts": {
    "lint": "eslint .",
    "serve": "firebase emulators:start --only functions",
    "shell": "firebase functions:shell",
    "start": "npm run shell",
    "deploy": "firebase deploy --only functions",
    "logs": "firebase functions:log"
  },
  "engines": {
    "node": "18"
  },
  "main": "index.js",
  "dependencies": {
    "cors": "^2.8.5",
    "express": "^4.21.1",
    "firebase-admin": "^12.6.0",
    "firebase-functions": "^6.0.1",
    "stripe": "^17.3.1"
  },
  "devDependencies": {
    "eslint": "^8.57.1",
    "eslint-config-google": "^0.14.0",
    "firebase-functions-test": "^3.1.0"
  },
  "private": true
}
[debug] [2024-11-18T16:12:52.396Z] Building nodejs source
[debug] [2024-11-18T16:12:52.396Z] Failed to find version of module node: reached end of search path C:\Users\BitCom Tech\Desktop\amazon-clone-project\amazon-clone-project\functions\node_modules
[warn] !  functions: Your requested "node" version "18" doesn't match your global version "20". Using node@20 from host. 
[debug] [2024-11-18T16:12:52.400Z] Could not find functions.yaml. Must use http discovery
[debug] [2024-11-18T16:12:52.407Z] Found firebase-functions binary at 'C:\Users\BitCom Tech\Desktop\amazon-clone-project\amazon-clone-project\functions\node_modules\.bin\firebase-functions'
[info] Serving at port 8487

[debug] [2024-11-18T16:12:53.350Z] Got response from /__/functions.yaml {"endpoints":{"api":{"availableMemoryMb":null,"timeoutSeconds":null,"minInstances":null,"maxInstances":null,"ingressSettings":null,"concurrency":null,"serviceAccountEmail":null,"vpc":null,"platform":"gcfv2","labels":{},"httpsTrigger":{},"entryPoint":"api"}},"specVersion":"v1alpha1","requiredAPIs":[],"extensions":{}}
[debug] [2024-11-18T16:12:58.388Z] defaultcredentials: writing to file C:\Users\BitCom Tech\AppData\Roaming\firebase\far12345ahmed_gmail_com_application_default_credentials.json
[debug] [2024-11-18T16:12:58.389Z] Setting GAC to C:\Users\BitCom Tech\AppData\Roaming\firebase\far12345ahmed_gmail_com_application_default_credentials.json {"metadata":{"emulator":{"name":"functions"},"message":"Setting GAC to C:\\Users\\BitCom Tech\\AppData\\Roaming\\firebase\\far12345ahmed_gmail_com_application_default_credentials.json"}}
[info] +  functions: Loaded functions definitions from source: api. {"metadata":{"emulator":{"name":"functions"},"message":"Loaded functions definitions from source: api."}}
[info] +  functions[us-central1-api]: http function initialized (http://127.0.0.1:5001/clone-project-1729a/us-central1/api). {"metadata":{"emulator":{"name":"functions"},"message":"\u001b[1mhttp\u001b[22m function initialized (http://127.0.0.1:5001/clone-project-1729a/us-central1/api)."}}
[debug] [2024-11-18T16:12:58.399Z] Could not find VSCode notification endpoint: FetchError: request to http://localhost:40001/vscode/notify failed, reason: . If you are not running the Firebase Data Connect VSCode extension, this is expected and not an issue.
[info] 
┌─────────────────────────────────────────────────────────────┐
│ ✔  All emulators ready! It is now safe to connect your app. │
│ i  View Emulator UI at http://127.0.0.1:4000/               │
└─────────────────────────────────────────────────────────────┘

┌────────────┬────────────────┬──────────────────────────────────┐
│ Emulator   │ Host:Port      │ View in Emulator UI              │
├────────────┼────────────────┼──────────────────────────────────┤
│ Functions  │ 127.0.0.1:5001 │ http://127.0.0.1:4000/functions  │
├────────────┼────────────────┼──────────────────────────────────┤
│ Hosting    │ 127.0.0.1:5000 │ n/a                              │
├────────────┼────────────────┼──────────────────────────────────┤
│ Extensions │ 127.0.0.1:5001 │ http://127.0.0.1:4000/extensions │
└────────────┴────────────────┴──────────────────────────────────┘
  Emulator Hub running at 127.0.0.1:4400
  Other reserved ports: 4500
┌─────────────────────────┬───────────────┬─────────────────────┐
│ Extension Instance Name │ Extension Ref │ View in Emulator UI │
└─────────────────────────┴───────────────┴─────────────────────┘
Issues? Report them at https://github.com/firebase/firebase-tools/issues and attach the *-debug.log files.
 
[debug] [2024-11-19T19:05:17.096Z] ----------------------------------------------------------------------
[debug] [2024-11-19T19:05:17.100Z] Command:       C:\Program Files\nodejs\node.exe C:\Users\BitCom Tech\AppData\Roaming\npm\node_modules\firebase-tools\lib\bin\firebase.js init database
[debug] [2024-11-19T19:05:17.101Z] CLI Version:   13.25.0
[debug] [2024-11-19T19:05:17.101Z] Platform:      win32
[debug] [2024-11-19T19:05:17.101Z] Node Version:  v20.15.0
[debug] [2024-11-19T19:05:17.101Z] Time:          Tue Nov 19 2024 22:05:17 GMT+0300 (East Africa Time)
[debug] [2024-11-19T19:05:17.102Z] ----------------------------------------------------------------------
[debug] 
[debug] [2024-11-19T19:05:17.231Z] > command requires scopes: ["email","openid","https://www.googleapis.com/auth/cloudplatformprojects.readonly","https://www.googleapis.com/auth/firebase","https://www.googleapis.com/auth/cloud-platform"]
[debug] [2024-11-19T19:05:17.232Z] > authorizing via signed-in user (far12345ahmed@gmail.com)
[info] 
     ######## #### ########  ######## ########     ###     ######  ########
     ##        ##  ##     ## ##       ##     ##  ##   ##  ##       ##
     ######    ##  ########  ######   ########  #########  ######  ######
     ##        ##  ##    ##  ##       ##     ## ##     ##       ## ##
     ##       #### ##     ## ######## ########  ##     ##  ######  ########

You're about to initialize a Firebase project in this directory:

  C:\Users\BitCom Tech\Desktop\amazon-clone-project\amazon-clone-project

Before we get started, keep in mind:

  * You are initializing within an existing Firebase project directory

